This file contains any messages produced by compilers while
running configure, to aid debugging if configure makes a mistake.

It was created by configure, which was
generated by GNU Autoconf 2.65.  Invocation command line was

  $ ./configure 

## --------- ##
## Platform. ##
## --------- ##

hostname = hth-desktop
uname -m = x86_64
uname -r = 2.6.32
uname -s = Linux
uname -v = #87 SMP Thu Jul 7 17:14:11 KST 2011

/usr/bin/uname -p = unknown
/bin/uname -X     = unknown

/bin/arch              = unknown
/usr/bin/arch -k       = unknown
/usr/convex/getsysinfo = unknown
/usr/bin/hostinfo      = unknown
/bin/machine           = unknown
/usr/bin/oslevel       = unknown
/bin/universe          = unknown

PATH: /usr/local/sbin
PATH: /usr/local/bin
PATH: /usr/sbin
PATH: /usr/bin
PATH: /sbin
PATH: /bin
PATH: /usr/games


## ----------- ##
## Core tests. ##
## ----------- ##

configure:2414: checking build system type
configure:2428: result: x86_64-unknown-linux-gnu
configure:2448: checking host system type
configure:2461: result: x86_64-unknown-linux-gnu
configure:2481: checking target system type
configure:2494: result: x86_64-unknown-linux-gnu
configure:2538: checking for a BSD-compatible install
configure:2606: result: /usr/bin/install -c
configure:2617: checking whether build environment is sane
configure:2667: result: yes
configure:2808: checking for a thread-safe mkdir -p
configure:2847: result: /bin/mkdir -p
configure:2860: checking for gawk
configure:2876: found /usr/bin/gawk
configure:2887: result: gawk
configure:2898: checking whether make sets $(MAKE)
configure:2920: result: yes
configure:3146: checking for gcc
configure:3162: found /usr/bin/gcc
configure:3173: result: gcc
configure:3402: checking for C compiler version
configure:3411: gcc --version >&5
gcc (Ubuntu 4.4.3-4ubuntu5) 4.4.3
Copyright (C) 2009 Free Software Foundation, Inc.
This is free software; see the source for copying conditions.  There is NO
warranty; not even for MERCHANTABILITY or FITNESS FOR A PARTICULAR PURPOSE.

configure:3422: $? = 0
configure:3411: gcc -v >&5
Using built-in specs.
Target: x86_64-linux-gnu
Configured with: ../src/configure -v --with-pkgversion='Ubuntu 4.4.3-4ubuntu5' --with-bugurl=file:///usr/share/doc/gcc-4.4/README.Bugs --enable-languages=c,c++,fortran,objc,obj-c++ --prefix=/usr --enable-shared --enable-multiarch --enable-linker-build-id --with-system-zlib --libexecdir=/usr/lib --without-included-gettext --enable-threads=posix --with-gxx-include-dir=/usr/include/c++/4.4 --program-suffix=-4.4 --enable-nls --enable-clocale=gnu --enable-libstdcxx-debug --enable-plugin --enable-objc-gc --disable-werror --with-arch-32=i486 --with-tune=generic --enable-checking=release --build=x86_64-linux-gnu --host=x86_64-linux-gnu --target=x86_64-linux-gnu
Thread model: posix
gcc version 4.4.3 (Ubuntu 4.4.3-4ubuntu5) 
configure:3422: $? = 0
configure:3411: gcc -V >&5
gcc: '-V' option must have argument
configure:3422: $? = 1
configure:3411: gcc -qversion >&5
gcc: unrecognized option '-qversion'
gcc: no input files
configure:3422: $? = 1
configure:3442: checking whether the C compiler works
configure:3464: gcc    conftest.c  >&5
configure:3468: $? = 0
configure:3517: result: yes
configure:3520: checking for C compiler default output file name
configure:3522: result: a.out
configure:3528: checking for suffix of executables
configure:3535: gcc -o conftest    conftest.c  >&5
configure:3539: $? = 0
configure:3561: result: 
configure:3583: checking whether we are cross compiling
configure:3591: gcc -o conftest    conftest.c  >&5
configure:3595: $? = 0
configure:3602: ./conftest
configure:3606: $? = 0
configure:3621: result: no
configure:3626: checking for suffix of object files
configure:3648: gcc -c   conftest.c >&5
configure:3652: $? = 0
configure:3673: result: o
configure:3677: checking whether we are using the GNU C compiler
configure:3696: gcc -c   conftest.c >&5
configure:3696: $? = 0
configure:3705: result: yes
configure:3714: checking whether gcc accepts -g
configure:3734: gcc -c -g  conftest.c >&5
configure:3734: $? = 0
configure:3775: result: yes
configure:3792: checking for gcc option to accept ISO C89
configure:3856: gcc  -c -g -O2  conftest.c >&5
configure:3856: $? = 0
configure:3869: result: none needed
configure:3900: checking for style of include used by make
configure:3928: result: GNU
configure:3953: checking dependency style of gcc
configure:4063: result: gcc3
configure:4136: checking for g++
configure:4152: found /usr/bin/g++
configure:4163: result: g++
configure:4190: checking for C++ compiler version
configure:4199: g++ --version >&5
g++ (Ubuntu 4.4.3-4ubuntu5) 4.4.3
Copyright (C) 2009 Free Software Foundation, Inc.
This is free software; see the source for copying conditions.  There is NO
warranty; not even for MERCHANTABILITY or FITNESS FOR A PARTICULAR PURPOSE.

configure:4210: $? = 0
configure:4199: g++ -v >&5
Using built-in specs.
Target: x86_64-linux-gnu
Configured with: ../src/configure -v --with-pkgversion='Ubuntu 4.4.3-4ubuntu5' --with-bugurl=file:///usr/share/doc/gcc-4.4/README.Bugs --enable-languages=c,c++,fortran,objc,obj-c++ --prefix=/usr --enable-shared --enable-multiarch --enable-linker-build-id --with-system-zlib --libexecdir=/usr/lib --without-included-gettext --enable-threads=posix --with-gxx-include-dir=/usr/include/c++/4.4 --program-suffix=-4.4 --enable-nls --enable-clocale=gnu --enable-libstdcxx-debug --enable-plugin --enable-objc-gc --disable-werror --with-arch-32=i486 --with-tune=generic --enable-checking=release --build=x86_64-linux-gnu --host=x86_64-linux-gnu --target=x86_64-linux-gnu
Thread model: posix
gcc version 4.4.3 (Ubuntu 4.4.3-4ubuntu5) 
configure:4210: $? = 0
configure:4199: g++ -V >&5
g++: '-V' option must have argument
configure:4210: $? = 1
configure:4199: g++ -qversion >&5
g++: unrecognized option '-qversion'
g++: no input files
configure:4210: $? = 1
configure:4214: checking whether we are using the GNU C++ compiler
configure:4233: g++ -c   conftest.cpp >&5
configure:4233: $? = 0
configure:4242: result: yes
configure:4251: checking whether g++ accepts -g
configure:4271: g++ -c -g  conftest.cpp >&5
configure:4271: $? = 0
configure:4312: result: yes
configure:4337: checking dependency style of g++
configure:4447: result: gcc3
configure:4510: checking for gcc
configure:4537: result: gcc
configure:4766: checking for C compiler version
configure:4775: gcc --version >&5
gcc (Ubuntu 4.4.3-4ubuntu5) 4.4.3
Copyright (C) 2009 Free Software Foundation, Inc.
This is free software; see the source for copying conditions.  There is NO
warranty; not even for MERCHANTABILITY or FITNESS FOR A PARTICULAR PURPOSE.

configure:4786: $? = 0
configure:4775: gcc -v >&5
Using built-in specs.
Target: x86_64-linux-gnu
Configured with: ../src/configure -v --with-pkgversion='Ubuntu 4.4.3-4ubuntu5' --with-bugurl=file:///usr/share/doc/gcc-4.4/README.Bugs --enable-languages=c,c++,fortran,objc,obj-c++ --prefix=/usr --enable-shared --enable-multiarch --enable-linker-build-id --with-system-zlib --libexecdir=/usr/lib --without-included-gettext --enable-threads=posix --with-gxx-include-dir=/usr/include/c++/4.4 --program-suffix=-4.4 --enable-nls --enable-clocale=gnu --enable-libstdcxx-debug --enable-plugin --enable-objc-gc --disable-werror --with-arch-32=i486 --with-tune=generic --enable-checking=release --build=x86_64-linux-gnu --host=x86_64-linux-gnu --target=x86_64-linux-gnu
Thread model: posix
gcc version 4.4.3 (Ubuntu 4.4.3-4ubuntu5) 
configure:4786: $? = 0
configure:4775: gcc -V >&5
gcc: '-V' option must have argument
configure:4786: $? = 1
configure:4775: gcc -qversion >&5
gcc: unrecognized option '-qversion'
gcc: no input files
configure:4786: $? = 1
configure:4790: checking whether we are using the GNU C compiler
configure:4818: result: yes
configure:4827: checking whether gcc accepts -g
configure:4888: result: yes
configure:4905: checking for gcc option to accept ISO C89
configure:4982: result: none needed
configure:5004: checking dependency style of gcc
configure:5114: result: gcc3
configure:5175: checking for ranlib
configure:5191: found /usr/bin/ranlib
configure:5202: result: ranlib
configure:5229: checking how to run the C preprocessor
configure:5260: gcc -E  conftest.c
configure:5260: $? = 0
configure:5274: gcc -E  conftest.c
conftest.c:11:28: error: ac_nonexistent.h: No such file or directory
configure:5274: $? = 1
configure: failed program was:
| /* confdefs.h */
| #define PACKAGE_NAME ""
| #define PACKAGE_TARNAME ""
| #define PACKAGE_VERSION ""
| #define PACKAGE_STRING ""
| #define PACKAGE_BUGREPORT ""
| #define PACKAGE_URL ""
| #define PACKAGE "dillo"
| #define VERSION "2.2"
| /* end confdefs.h.  */
| #include <ac_nonexistent.h>
configure:5299: result: gcc -E
configure:5319: gcc -E  conftest.c
configure:5319: $? = 0
configure:5333: gcc -E  conftest.c
conftest.c:11:28: error: ac_nonexistent.h: No such file or directory
configure:5333: $? = 1
configure: failed program was:
| /* confdefs.h */
| #define PACKAGE_NAME ""
| #define PACKAGE_TARNAME ""
| #define PACKAGE_VERSION ""
| #define PACKAGE_STRING ""
| #define PACKAGE_BUGREPORT ""
| #define PACKAGE_URL ""
| #define PACKAGE "dillo"
| #define VERSION "2.2"
| /* end confdefs.h.  */
| #include <ac_nonexistent.h>
configure:5364: checking for grep that handles long lines and -e
configure:5422: result: /bin/grep
configure:5427: checking for egrep
configure:5489: result: /bin/grep -E
configure:5494: checking for ANSI C header files
configure:5514: gcc -c -g -O2  conftest.c >&5
configure:5514: $? = 0
configure:5587: gcc -o conftest -g -O2   conftest.c  >&5
configure:5587: $? = 0
configure:5587: ./conftest
configure:5587: $? = 0
configure:5598: result: yes
configure:5611: checking for sys/types.h
configure:5611: gcc -c -g -O2  conftest.c >&5
configure:5611: $? = 0
configure:5611: result: yes
configure:5611: checking for sys/stat.h
configure:5611: gcc -c -g -O2  conftest.c >&5
configure:5611: $? = 0
configure:5611: result: yes
configure:5611: checking for stdlib.h
configure:5611: gcc -c -g -O2  conftest.c >&5
configure:5611: $? = 0
configure:5611: result: yes
configure:5611: checking for string.h
configure:5611: gcc -c -g -O2  conftest.c >&5
configure:5611: $? = 0
configure:5611: result: yes
configure:5611: checking for memory.h
configure:5611: gcc -c -g -O2  conftest.c >&5
configure:5611: $? = 0
configure:5611: result: yes
configure:5611: checking for strings.h
configure:5611: gcc -c -g -O2  conftest.c >&5
configure:5611: $? = 0
configure:5611: result: yes
configure:5611: checking for inttypes.h
configure:5611: gcc -c -g -O2  conftest.c >&5
configure:5611: $? = 0
configure:5611: result: yes
configure:5611: checking for stdint.h
configure:5611: gcc -c -g -O2  conftest.c >&5
configure:5611: $? = 0
configure:5611: result: yes
configure:5611: checking for unistd.h
configure:5611: gcc -c -g -O2  conftest.c >&5
configure:5611: $? = 0
configure:5611: result: yes
configure:5628: checking size of char
configure:5633: gcc -o conftest -g -O2   conftest.c  >&5
configure:5633: $? = 0
configure:5633: ./conftest
configure:5633: $? = 0
configure:5648: result: 1
configure:5662: checking size of short
configure:5667: gcc -o conftest -g -O2   conftest.c  >&5
configure:5667: $? = 0
configure:5667: ./conftest
configure:5667: $? = 0
configure:5682: result: 2
configure:5696: checking size of long
configure:5701: gcc -o conftest -g -O2   conftest.c  >&5
configure:5701: $? = 0
configure:5701: ./conftest
configure:5701: $? = 0
configure:5716: result: 8
configure:5730: checking size of int
configure:5735: gcc -o conftest -g -O2   conftest.c  >&5
configure:5735: $? = 0
configure:5735: ./conftest
configure:5735: $? = 0
configure:5750: result: 4
configure:5764: checking size of void *
configure:5769: gcc -o conftest -g -O2   conftest.c  >&5
configure:5769: $? = 0
configure:5769: ./conftest
configure:5769: $? = 0
configure:5784: result: 8
configure:5840: checking for gethostbyname
configure:5840: gcc -o conftest -g -O2  -I/usr/local/include  -L/usr/local/lib conftest.c  >&5
configure:5840: $? = 0
configure:5840: result: yes
configure:5943: checking for setsockopt
configure:5943: gcc -o conftest -g -O2  -I/usr/local/include  -L/usr/local/lib conftest.c  >&5
configure:5943: $? = 0
configure:5943: result: yes
configure:5999: checking for socklen_t
configure:6019: gcc -c -g -O2  -I/usr/local/include conftest.c >&5
configure:6019: $? = 0
configure:6049: result: socklen_t
configure:6060: checking FLTK2
configure:6063: result: yes
configure:6075: checking jpeglib.h usability
configure:6075: gcc -c -g -O2  -I/usr/local/include conftest.c >&5
configure:6075: $? = 0
configure:6075: result: yes
configure:6075: checking jpeglib.h presence
configure:6075: gcc -E  -I/usr/local/include conftest.c
configure:6075: $? = 0
configure:6075: result: yes
configure:6075: checking for jpeglib.h
configure:6075: result: yes
configure:6086: checking for jpeg_destroy_decompress in -ljpeg
configure:6111: gcc -o conftest -g -O2  -I/usr/local/include  -L/usr/local/lib conftest.c -ljpeg   >&5
configure:6111: $? = 0
configure:6120: result: yes
configure:6151: checking zlib.h usability
configure:6151: gcc -c -g -O2  -I/usr/local/include conftest.c >&5
configure:6151: $? = 0
configure:6151: result: yes
configure:6151: checking zlib.h presence
configure:6151: gcc -E  -I/usr/local/include conftest.c
configure:6151: $? = 0
configure:6151: result: yes
configure:6151: checking for zlib.h
configure:6151: result: yes
configure:6162: checking for zlibVersion in -lz
configure:6187: gcc -o conftest -g -O2  -I/usr/local/include  -L/usr/local/lib conftest.c -lz   >&5
configure:6187: $? = 0
configure:6196: result: yes
configure:6214: checking for libpng-config
configure:6228: result: /usr/bin/libpng12-config
configure:6238: checking for libpng version
configure:6242: result: 1.2.42 (newer version)
configure:6416: checking iconv.h usability
configure:6416: gcc -c -g -O2  -I/usr/local/include conftest.c >&5
configure:6416: $? = 0
configure:6416: result: yes
configure:6416: checking iconv.h presence
configure:6416: gcc -E  -I/usr/local/include conftest.c
configure:6416: $? = 0
configure:6416: result: yes
configure:6416: checking for iconv.h
configure:6416: result: yes
configure:6425: checking for iconv_open in -lc
configure:6450: gcc -o conftest -g -O2  -I/usr/local/include  -L/usr/local/lib conftest.c -lc   >&5
configure:6450: $? = 0
configure:6459: result: yes
configure:6568: g++ -c -g -O2  -I/usr/local/include conftest.cpp >&5
conftest.cpp: In function 'int main()':
conftest.cpp:40: error: invalid conversion from 'const char**' to 'char**'
conftest.cpp:40: error:   initializing argument 2 of 'size_t iconv(void*, char**, size_t*, char**, size_t*)'
configure:6568: $? = 1
configure: failed program was:
| /* confdefs.h */
| #define PACKAGE_NAME ""
| #define PACKAGE_TARNAME ""
| #define PACKAGE_VERSION ""
| #define PACKAGE_STRING ""
| #define PACKAGE_BUGREPORT ""
| #define PACKAGE_URL ""
| #define PACKAGE "dillo"
| #define VERSION "2.2"
| #define STDC_HEADERS 1
| #define HAVE_SYS_TYPES_H 1
| #define HAVE_SYS_STAT_H 1
| #define HAVE_STDLIB_H 1
| #define HAVE_STRING_H 1
| #define HAVE_MEMORY_H 1
| #define HAVE_STRINGS_H 1
| #define HAVE_INTTYPES_H 1
| #define HAVE_STDINT_H 1
| #define HAVE_UNISTD_H 1
| #define SIZEOF_CHAR 1
| #define SIZEOF_SHORT 2
| #define SIZEOF_LONG 8
| #define SIZEOF_INT 4
| #define SIZEOF_VOID_P 8
| #define HAVE_GETHOSTBYNAME 1
| #define HAVE_SETSOCKOPT 1
| #define ENABLE_JPEG 1
| #define ENABLE_PNG 1
| #define ENABLE_GIF 1
| /* end confdefs.h.  */
| #include <iconv.h>
| int
| main ()
| {
| 
|      const char *inPtr;
|       char *outPtr;
|       size_t inLeft = 0, outRoom = 0;
|       iconv_t encoder = iconv_open("ASCII", "UTF-8");
|       iconv(encoder, &inPtr, &inLeft, &outPtr, &outRoom);
| 
|   ;
|   return 0;
| }
configure:6598: checking for pthread_create in -lpthread
configure:6623: gcc -o conftest -g -O2  -I/usr/local/include  -L/usr/local/lib conftest.c -lpthread   >&5
configure:6623: $? = 0
configure:6632: result: yes
configure:6907: checking for ANSI C header files
configure:7011: result: yes
configure:7022: checking fcntl.h usability
configure:7022: gcc -c -g -O2 -DD_DNS_THREADED  -I/usr/local/include conftest.c >&5
configure:7022: $? = 0
configure:7022: result: yes
configure:7022: checking fcntl.h presence
configure:7022: gcc -E  -I/usr/local/include conftest.c
configure:7022: $? = 0
configure:7022: result: yes
configure:7022: checking for fcntl.h
configure:7022: result: yes
configure:7022: checking for unistd.h
configure:7022: result: yes
configure:7022: checking sys/uio.h usability
configure:7022: gcc -c -g -O2 -DD_DNS_THREADED  -I/usr/local/include conftest.c >&5
configure:7022: $? = 0
configure:7022: result: yes
configure:7022: checking sys/uio.h presence
configure:7022: gcc -E  -I/usr/local/include conftest.c
configure:7022: $? = 0
configure:7022: result: yes
configure:7022: checking for sys/uio.h
configure:7022: result: yes
configure:7214: creating ./config.status

## ---------------------- ##
## Running config.status. ##
## ---------------------- ##

This file was extended by config.status, which was
generated by GNU Autoconf 2.65.  Invocation command line was

  CONFIG_FILES    = 
  CONFIG_HEADERS  = 
  CONFIG_LINKS    = 
  CONFIG_COMMANDS = 
  $ ./config.status 

on hth-desktop

config.status:907: creating Makefile
config.status:907: creating dlib/Makefile
config.status:907: creating dpip/Makefile
config.status:907: creating dpid/Makefile
config.status:907: creating dpi/Makefile
config.status:907: creating doc/Makefile
config.status:907: creating dw/Makefile
config.status:907: creating lout/Makefile
config.status:907: creating src/Makefile
config.status:907: creating src/IO/Makefile
config.status:907: creating test/Makefile
config.status:907: creating config.h
config.status:1127: executing depfiles commands

## ---------------- ##
## Cache variables. ##
## ---------------- ##

ac_cv_build=x86_64-unknown-linux-gnu
ac_cv_c_compiler_gnu=yes
ac_cv_cxx_compiler_gnu=yes
ac_cv_env_CCC_set=
ac_cv_env_CCC_value=
ac_cv_env_CC_set=
ac_cv_env_CC_value=
ac_cv_env_CFLAGS_set=
ac_cv_env_CFLAGS_value=
ac_cv_env_CPPFLAGS_set=
ac_cv_env_CPPFLAGS_value=
ac_cv_env_CPP_set=
ac_cv_env_CPP_value=
ac_cv_env_CXXFLAGS_set=
ac_cv_env_CXXFLAGS_value=
ac_cv_env_CXX_set=
ac_cv_env_CXX_value=
ac_cv_env_LDFLAGS_set=
ac_cv_env_LDFLAGS_value=
ac_cv_env_LIBS_set=
ac_cv_env_LIBS_value=
ac_cv_env_build_alias_set=
ac_cv_env_build_alias_value=
ac_cv_env_host_alias_set=
ac_cv_env_host_alias_value=
ac_cv_env_target_alias_set=
ac_cv_env_target_alias_value=
ac_cv_func_gethostbyname=yes
ac_cv_func_setsockopt=yes
ac_cv_header_fcntl_h=yes
ac_cv_header_iconv_h=yes
ac_cv_header_inttypes_h=yes
ac_cv_header_jpeglib_h=yes
ac_cv_header_memory_h=yes
ac_cv_header_stdc=yes
ac_cv_header_stdint_h=yes
ac_cv_header_stdlib_h=yes
ac_cv_header_string_h=yes
ac_cv_header_strings_h=yes
ac_cv_header_sys_stat_h=yes
ac_cv_header_sys_types_h=yes
ac_cv_header_sys_uio_h=yes
ac_cv_header_unistd_h=yes
ac_cv_header_zlib_h=yes
ac_cv_host=x86_64-unknown-linux-gnu
ac_cv_lib_c_iconv_open=yes
ac_cv_lib_jpeg_jpeg_destroy_decompress=yes
ac_cv_lib_pthread_pthread_create=yes
ac_cv_lib_z_zlibVersion=yes
ac_cv_objext=o
ac_cv_path_EGREP='/bin/grep -E'
ac_cv_path_GREP=/bin/grep
ac_cv_path_install='/usr/bin/install -c'
ac_cv_path_mkdir=/bin/mkdir
ac_cv_prog_AWK=gawk
ac_cv_prog_CPP='gcc -E'
ac_cv_prog_ac_ct_CC=gcc
ac_cv_prog_ac_ct_CXX=g++
ac_cv_prog_ac_ct_RANLIB=ranlib
ac_cv_prog_cc_c89=
ac_cv_prog_cc_g=yes
ac_cv_prog_cxx_g=yes
ac_cv_prog_make_make_set=yes
ac_cv_sizeof_char=1
ac_cv_sizeof_int=4
ac_cv_sizeof_long=8
ac_cv_sizeof_short=2
ac_cv_sizeof_void_p=8
ac_cv_socklen_t=socklen_t
ac_cv_target=x86_64-unknown-linux-gnu
am_cv_CC_dependencies_compiler_type=gcc3
am_cv_CXX_dependencies_compiler_type=gcc3
am_cv_prog_cc_stdc=

## ----------------- ##
## Output variables. ##
## ----------------- ##

ACLOCAL='${SHELL} /root/dillo/dillo-2.2/missing --run aclocal-1.11'
AMDEPBACKSLASH='\'
AMDEP_FALSE='#'
AMDEP_TRUE=''
AMTAR='${SHELL} /root/dillo/dillo-2.2/missing --run tar'
AUTOCONF='${SHELL} /root/dillo/dillo-2.2/missing --run autoconf'
AUTOHEADER='${SHELL} /root/dillo/dillo-2.2/missing --run autoheader'
AUTOMAKE='${SHELL} /root/dillo/dillo-2.2/missing --run automake-1.11'
AWK='gawk'
CC='gcc'
CCDEPMODE='depmode=gcc3'
CFLAGS='-g -O2 -DD_DNS_THREADED -D_REENTRANT -D_THREAD_SAFE -Wall -W -Waggregate-return'
CPP='gcc -E'
CPPFLAGS=' -I/usr/local/include'
CXX='g++'
CXXDEPMODE='depmode=gcc3'
CXXFLAGS='-g -O2 -Wall -W -Wno-unused-parameter -fno-rtti -fno-exceptions'
CYGPATH_W='echo'
DEFS='-DHAVE_CONFIG_H'
DEPDIR='.deps'
ECHO_C=''
ECHO_N='-n'
ECHO_T=''
EGREP='/bin/grep -E'
EXEEXT=''
GREP='/bin/grep'
INSTALL_DATA='${INSTALL} -m 644'
INSTALL_PROGRAM='${INSTALL}'
INSTALL_SCRIPT='${INSTALL}'
INSTALL_STRIP_PROGRAM='$(install_sh) -c -s'
LDFLAGS=' -L/usr/local/lib'
LIBFLTK_CFLAGS='-I/usr/local/include'
LIBFLTK_CXXFLAGS='-I/usr/local/include -I/usr/include/freetype2 -Wno-non-virtual-dtor'
LIBFLTK_LIBS='-L/usr/local/lib -lfltk2_images -lpng -lfltk2_images -ljpeg -lz -lfltk2 -lX11 -lXi -lXinerama -lXft -lpthread -lm -lXext -lsupc++'
LIBICONV_LIBS=''
LIBJPEG_CPPFLAGS=''
LIBJPEG_LDFLAGS=''
LIBJPEG_LIBS='-ljpeg'
LIBOBJS=''
LIBPNG_CFLAGS='-I/usr/include/libpng12'
LIBPNG_LIBS='-L/usr/lib -lpng12 -lpng12'
LIBPTHREAD_LDFLAGS=''
LIBPTHREAD_LIBS='-lpthread'
LIBS=''
LIBSSL_LIBS=''
LIBZ_LIBS='-lz'
LTLIBOBJS=''
MAKEINFO='${SHELL} /root/dillo/dillo-2.2/missing --run makeinfo'
MKDIR_P='/bin/mkdir -p'
OBJEXT='o'
PACKAGE='dillo'
PACKAGE_BUGREPORT=''
PACKAGE_NAME=''
PACKAGE_STRING=''
PACKAGE_TARNAME=''
PACKAGE_URL=''
PACKAGE_VERSION=''
PATH_SEPARATOR=':'
RANLIB='ranlib'
SET_MAKE=''
SHELL='/bin/bash'
STRIP=''
VERSION='2.2'
ac_ct_CC='gcc'
ac_ct_CXX='g++'
am__EXEEXT_FALSE=''
am__EXEEXT_TRUE='#'
am__fastdepCC_FALSE='#'
am__fastdepCC_TRUE=''
am__fastdepCXX_FALSE='#'
am__fastdepCXX_TRUE=''
am__include='include'
am__isrc=''
am__leading_dot='.'
am__quote=''
am__tar='${AMTAR} chof - "$$tardir"'
am__untar='${AMTAR} xf -'
bindir='${exec_prefix}/bin'
build='x86_64-unknown-linux-gnu'
build_alias=''
build_cpu='x86_64'
build_os='linux-gnu'
build_vendor='unknown'
datadir='${datarootdir}'
datarootdir='${prefix}/share'
docdir='${datarootdir}/doc/${PACKAGE}'
dvidir='${docdir}'
exec_prefix='${prefix}'
host='x86_64-unknown-linux-gnu'
host_alias=''
host_cpu='x86_64'
host_os='linux-gnu'
host_vendor='unknown'
htmldir='${docdir}'
includedir='${prefix}/include'
infodir='${datarootdir}/info'
install_sh='${SHELL} /root/dillo/dillo-2.2/install-sh'
libdir='${exec_prefix}/lib'
libexecdir='${exec_prefix}/libexec'
localedir='${datarootdir}/locale'
localstatedir='${prefix}/var'
mandir='${datarootdir}/man'
mkdir_p='/bin/mkdir -p'
oldincludedir='/usr/include'
pdfdir='${docdir}'
prefix='/usr/local'
program_transform_name='s,x,x,'
psdir='${docdir}'
sbindir='${exec_prefix}/sbin'
sharedstatedir='${prefix}/com'
sysconfdir='${prefix}/etc/dillo'
target='x86_64-unknown-linux-gnu'
target_alias=''
target_cpu='x86_64'
target_os='linux-gnu'
target_vendor='unknown'

## ----------- ##
## confdefs.h. ##
## ----------- ##

/* confdefs.h */
#define PACKAGE_NAME ""
#define PACKAGE_TARNAME ""
#define PACKAGE_VERSION ""
#define PACKAGE_STRING ""
#define PACKAGE_BUGREPORT ""
#define PACKAGE_URL ""
#define PACKAGE "dillo"
#define VERSION "2.2"
#define STDC_HEADERS 1
#define HAVE_SYS_TYPES_H 1
#define HAVE_SYS_STAT_H 1
#define HAVE_STDLIB_H 1
#define HAVE_STRING_H 1
#define HAVE_MEMORY_H 1
#define HAVE_STRINGS_H 1
#define HAVE_INTTYPES_H 1
#define HAVE_STDINT_H 1
#define HAVE_UNISTD_H 1
#define SIZEOF_CHAR 1
#define SIZEOF_SHORT 2
#define SIZEOF_LONG 8
#define SIZEOF_INT 4
#define SIZEOF_VOID_P 8
#define HAVE_GETHOSTBYNAME 1
#define HAVE_SETSOCKOPT 1
#define ENABLE_JPEG 1
#define ENABLE_PNG 1
#define ENABLE_GIF 1
#define inbuf_t char
#define STDC_HEADERS 1
#define HAVE_FCNTL_H 1
#define HAVE_UNISTD_H 1
#define HAVE_SYS_UIO_H 1

configure: exit 0
