This file contains any messages produced by compilers while
running configure, to aid debugging if configure makes a mistake.

It was created by configure, which was
generated by GNU Autoconf 2.61.  Invocation command line was

  $ ./configure 

## --------- ##
## Platform. ##
## --------- ##

hostname = hth-desktop
uname -m = x86_64
uname -r = 2.6.32
uname -s = Linux
uname -v = #82 SMP Thu Jun 16 22:09:28 KST 2011

/usr/bin/uname -p = unknown
/bin/uname -X     = unknown

/bin/arch              = unknown
/usr/bin/arch -k       = unknown
/usr/convex/getsysinfo = unknown
/usr/bin/hostinfo      = unknown
/bin/machine           = unknown
/usr/bin/oslevel       = unknown
/bin/universe          = unknown

PATH: /usr/local/sbin
PATH: /usr/local/bin
PATH: /usr/sbin
PATH: /usr/bin
PATH: /sbin
PATH: /bin
PATH: /usr/games


## ----------- ##
## Core tests. ##
## ----------- ##

configure:2046: checking for gcc
configure:2062: found /usr/bin/gcc
configure:2073: result: gcc
configure:2311: checking for C compiler version
configure:2318: gcc --version >&5
gcc (Ubuntu 4.4.3-4ubuntu5) 4.4.3
Copyright (C) 2009 Free Software Foundation, Inc.
This is free software; see the source for copying conditions.  There is NO
warranty; not even for MERCHANTABILITY or FITNESS FOR A PARTICULAR PURPOSE.

configure:2321: $? = 0
configure:2328: gcc -v >&5
Using built-in specs.
Target: x86_64-linux-gnu
Configured with: ../src/configure -v --with-pkgversion='Ubuntu 4.4.3-4ubuntu5' --with-bugurl=file:///usr/share/doc/gcc-4.4/README.Bugs --enable-languages=c,c++,fortran,objc,obj-c++ --prefix=/usr --enable-shared --enable-multiarch --enable-linker-build-id --with-system-zlib --libexecdir=/usr/lib --without-included-gettext --enable-threads=posix --with-gxx-include-dir=/usr/include/c++/4.4 --program-suffix=-4.4 --enable-nls --enable-clocale=gnu --enable-libstdcxx-debug --enable-plugin --enable-objc-gc --disable-werror --with-arch-32=i486 --with-tune=generic --enable-checking=release --build=x86_64-linux-gnu --host=x86_64-linux-gnu --target=x86_64-linux-gnu
Thread model: posix
gcc version 4.4.3 (Ubuntu 4.4.3-4ubuntu5) 
configure:2331: $? = 0
configure:2338: gcc -V >&5
gcc: '-V' option must have argument
configure:2341: $? = 1
configure:2364: checking for C compiler default output file name
configure:2391: gcc    conftest.c  >&5
configure:2394: $? = 0
configure:2432: result: a.out
configure:2449: checking whether the C compiler works
configure:2459: ./a.out
configure:2462: $? = 0
configure:2479: result: yes
configure:2486: checking whether we are cross compiling
configure:2488: result: no
configure:2491: checking for suffix of executables
configure:2498: gcc -o conftest    conftest.c  >&5
configure:2501: $? = 0
configure:2525: result: 
configure:2531: checking for suffix of object files
configure:2557: gcc -c   conftest.c >&5
configure:2560: $? = 0
configure:2583: result: o
configure:2587: checking whether we are using the GNU C compiler
configure:2616: gcc -c   conftest.c >&5
configure:2622: $? = 0
configure:2639: result: yes
configure:2644: checking whether gcc accepts -g
configure:2674: gcc -c -g  conftest.c >&5
configure:2680: $? = 0
configure:2779: result: yes
configure:2796: checking for gcc option to accept ISO C89
configure:2870: gcc  -c   conftest.c >&5
configure:2876: $? = 0
configure:2899: result: none needed
configure:2975: checking for g++
configure:2991: found /usr/bin/g++
configure:3002: result: g++
configure:3033: checking for C++ compiler version
configure:3040: g++ --version >&5
g++ (Ubuntu 4.4.3-4ubuntu5) 4.4.3
Copyright (C) 2009 Free Software Foundation, Inc.
This is free software; see the source for copying conditions.  There is NO
warranty; not even for MERCHANTABILITY or FITNESS FOR A PARTICULAR PURPOSE.

configure:3043: $? = 0
configure:3050: g++ -v >&5
Using built-in specs.
Target: x86_64-linux-gnu
Configured with: ../src/configure -v --with-pkgversion='Ubuntu 4.4.3-4ubuntu5' --with-bugurl=file:///usr/share/doc/gcc-4.4/README.Bugs --enable-languages=c,c++,fortran,objc,obj-c++ --prefix=/usr --enable-shared --enable-multiarch --enable-linker-build-id --with-system-zlib --libexecdir=/usr/lib --without-included-gettext --enable-threads=posix --with-gxx-include-dir=/usr/include/c++/4.4 --program-suffix=-4.4 --enable-nls --enable-clocale=gnu --enable-libstdcxx-debug --enable-plugin --enable-objc-gc --disable-werror --with-arch-32=i486 --with-tune=generic --enable-checking=release --build=x86_64-linux-gnu --host=x86_64-linux-gnu --target=x86_64-linux-gnu
Thread model: posix
gcc version 4.4.3 (Ubuntu 4.4.3-4ubuntu5) 
configure:3053: $? = 0
configure:3060: g++ -V >&5
g++: '-V' option must have argument
configure:3063: $? = 1
configure:3066: checking whether we are using the GNU C++ compiler
configure:3095: g++ -c   conftest.cpp >&5
configure:3101: $? = 0
configure:3118: result: yes
configure:3123: checking whether g++ accepts -g
configure:3153: g++ -c -g  conftest.cpp >&5
configure:3159: $? = 0
configure:3258: result: yes
configure:3283: checking for nroff
configure:3301: found /usr/bin/nroff
configure:3313: result: /usr/bin/nroff
configure:3370: checking for htmldoc
configure:3403: result: no
configure:3452: checking for ranlib
configure:3468: found /usr/bin/ranlib
configure:3479: result: ranlib
configure:3507: checking for ar
configure:3525: found /usr/bin/ar
configure:3537: result: /usr/bin/ar
configure:3569: checking how to run the C preprocessor
configure:3609: gcc -E  conftest.c
configure:3615: $? = 0
configure:3646: gcc -E  conftest.c
conftest.c:8:28: error: ac_nonexistent.h: No such file or directory
configure:3652: $? = 1
configure: failed program was:
| /* confdefs.h.  */
| #define PACKAGE_NAME ""
| #define PACKAGE_TARNAME ""
| #define PACKAGE_VERSION ""
| #define PACKAGE_STRING ""
| #define PACKAGE_BUGREPORT ""
| /* end confdefs.h.  */
| #include <ac_nonexistent.h>
configure:3685: result: gcc -E
configure:3714: gcc -E  conftest.c
configure:3720: $? = 0
configure:3751: gcc -E  conftest.c
conftest.c:8:28: error: ac_nonexistent.h: No such file or directory
configure:3757: $? = 1
configure: failed program was:
| /* confdefs.h.  */
| #define PACKAGE_NAME ""
| #define PACKAGE_TARNAME ""
| #define PACKAGE_VERSION ""
| #define PACKAGE_STRING ""
| #define PACKAGE_BUGREPORT ""
| /* end confdefs.h.  */
| #include <ac_nonexistent.h>
configure:3795: checking for grep that handles long lines and -e
configure:3869: result: /bin/grep
configure:3874: checking for egrep
configure:3952: result: /bin/grep -E
configure:3957: checking for ANSI C header files
configure:3987: gcc -c   conftest.c >&5
configure:3993: $? = 0
configure:4092: gcc -o conftest    conftest.c  >&5
configure:4095: $? = 0
configure:4101: ./conftest
configure:4104: $? = 0
configure:4121: result: yes
configure:4145: checking for sys/types.h
configure:4166: gcc -c   conftest.c >&5
configure:4172: $? = 0
configure:4188: result: yes
configure:4145: checking for sys/stat.h
configure:4166: gcc -c   conftest.c >&5
configure:4172: $? = 0
configure:4188: result: yes
configure:4145: checking for stdlib.h
configure:4166: gcc -c   conftest.c >&5
configure:4172: $? = 0
configure:4188: result: yes
configure:4145: checking for string.h
configure:4166: gcc -c   conftest.c >&5
configure:4172: $? = 0
configure:4188: result: yes
configure:4145: checking for memory.h
configure:4166: gcc -c   conftest.c >&5
configure:4172: $? = 0
configure:4188: result: yes
configure:4145: checking for strings.h
configure:4166: gcc -c   conftest.c >&5
configure:4172: $? = 0
configure:4188: result: yes
configure:4145: checking for inttypes.h
configure:4166: gcc -c   conftest.c >&5
configure:4172: $? = 0
configure:4188: result: yes
configure:4145: checking for stdint.h
configure:4166: gcc -c   conftest.c >&5
configure:4172: $? = 0
configure:4188: result: yes
configure:4145: checking for unistd.h
configure:4166: gcc -c   conftest.c >&5
configure:4172: $? = 0
configure:4188: result: yes
configure:4200: checking whether byte ordering is bigendian
configure:4233: gcc -c   conftest.c >&5
configure:4239: $? = 0
configure:4271: gcc -c   conftest.c >&5
conftest.c: In function 'main':
conftest.c:25: error: 'not' undeclared (first use in this function)
conftest.c:25: error: (Each undeclared identifier is reported only once
conftest.c:25: error: for each function it appears in.)
conftest.c:25: error: expected ';' before 'big'
configure:4277: $? = 1
configure: failed program was:
| /* confdefs.h.  */
| #define PACKAGE_NAME ""
| #define PACKAGE_TARNAME ""
| #define PACKAGE_VERSION ""
| #define PACKAGE_STRING ""
| #define PACKAGE_BUGREPORT ""
| #define STDC_HEADERS 1
| #define HAVE_SYS_TYPES_H 1
| #define HAVE_SYS_STAT_H 1
| #define HAVE_STDLIB_H 1
| #define HAVE_STRING_H 1
| #define HAVE_MEMORY_H 1
| #define HAVE_STRINGS_H 1
| #define HAVE_INTTYPES_H 1
| #define HAVE_STDINT_H 1
| #define HAVE_UNISTD_H 1
| /* end confdefs.h.  */
| #include <sys/types.h>
| #include <sys/param.h>
| 
| int
| main ()
| {
| #if BYTE_ORDER != BIG_ENDIAN
|  not big endian
| #endif
| 
|   ;
|   return 0;
| }
configure:4417: result: no
configure:4437: checking for short
configure:4467: gcc -c   conftest.c >&5
configure:4473: $? = 0
configure:4488: result: yes
configure:4495: checking size of short
configure:4797: gcc -o conftest    conftest.c  >&5
configure:4800: $? = 0
configure:4806: ./conftest
configure:4809: $? = 0
configure:4832: result: 2
configure:4842: checking for int
configure:4872: gcc -c   conftest.c >&5
configure:4878: $? = 0
configure:4893: result: yes
configure:4900: checking size of int
configure:5202: gcc -o conftest    conftest.c  >&5
configure:5205: $? = 0
configure:5211: ./conftest
configure:5214: $? = 0
configure:5237: result: 4
configure:5247: checking for long
configure:5277: gcc -c   conftest.c >&5
configure:5283: $? = 0
configure:5298: result: yes
configure:5305: checking size of long
configure:5607: gcc -o conftest    conftest.c  >&5
configure:5610: $? = 0
configure:5616: ./conftest
configure:5619: $? = 0
configure:5642: result: 8
configure:5691: checking whether the compiler recognizes bool as a built-in type
configure:5732: g++ -c   conftest.cpp >&5
configure:5738: $? = 0
configure:5760: result: yes
configure:5775: checking for dirent.h that defines DIR
configure:5804: gcc -c   conftest.c >&5
configure:5810: $? = 0
configure:5826: result: yes
configure:5839: checking for library containing opendir
configure:5880: gcc -o conftest    conftest.c  >&5
configure:5886: $? = 0
configure:5914: result: none required
configure:6018: checking sys/select.h usability
configure:6035: gcc -c   conftest.c >&5
configure:6041: $? = 0
configure:6055: result: yes
configure:6059: checking sys/select.h presence
configure:6074: gcc -E  conftest.c
configure:6080: $? = 0
configure:6094: result: yes
configure:6122: checking for sys/select.h
configure:6129: result: yes
configure:6151: checking sys/stdtypes.h usability
configure:6168: gcc -c   conftest.c >&5
conftest.c:59:26: error: sys/stdtypes.h: No such file or directory
configure:6174: $? = 1
configure: failed program was:
| /* confdefs.h.  */
| #define PACKAGE_NAME ""
| #define PACKAGE_TARNAME ""
| #define PACKAGE_VERSION ""
| #define PACKAGE_STRING ""
| #define PACKAGE_BUGREPORT ""
| #define STDC_HEADERS 1
| #define HAVE_SYS_TYPES_H 1
| #define HAVE_SYS_STAT_H 1
| #define HAVE_STDLIB_H 1
| #define HAVE_STRING_H 1
| #define HAVE_MEMORY_H 1
| #define HAVE_STRINGS_H 1
| #define HAVE_INTTYPES_H 1
| #define HAVE_STDINT_H 1
| #define HAVE_UNISTD_H 1
| #define SIZEOF_SHORT 2
| #define SIZEOF_INT 4
| #define SIZEOF_LONG 8
| #define U16 unsigned short
| #define U32 unsigned
| #define U64 unsigned long
| #define HAVE_DIRENT_H 1
| #define HAVE_SYS_SELECT_H 1
| /* end confdefs.h.  */
| #include <stdio.h>
| #ifdef HAVE_SYS_TYPES_H
| # include <sys/types.h>
| #endif
| #ifdef HAVE_SYS_STAT_H
| # include <sys/stat.h>
| #endif
| #ifdef STDC_HEADERS
| # include <stdlib.h>
| # include <stddef.h>
| #else
| # ifdef HAVE_STDLIB_H
| #  include <stdlib.h>
| # endif
| #endif
| #ifdef HAVE_STRING_H
| # if !defined STDC_HEADERS && defined HAVE_MEMORY_H
| #  include <memory.h>
| # endif
| # include <string.h>
| #endif
| #ifdef HAVE_STRINGS_H
| # include <strings.h>
| #endif
| #ifdef HAVE_INTTYPES_H
| # include <inttypes.h>
| #endif
| #ifdef HAVE_STDINT_H
| # include <stdint.h>
| #endif
| #ifdef HAVE_UNISTD_H
| # include <unistd.h>
| #endif
| #include <sys/stdtypes.h>
configure:6188: result: no
configure:6192: checking sys/stdtypes.h presence
configure:6207: gcc -E  conftest.c
conftest.c:26:26: error: sys/stdtypes.h: No such file or directory
configure:6213: $? = 1
configure: failed program was:
| /* confdefs.h.  */
| #define PACKAGE_NAME ""
| #define PACKAGE_TARNAME ""
| #define PACKAGE_VERSION ""
| #define PACKAGE_STRING ""
| #define PACKAGE_BUGREPORT ""
| #define STDC_HEADERS 1
| #define HAVE_SYS_TYPES_H 1
| #define HAVE_SYS_STAT_H 1
| #define HAVE_STDLIB_H 1
| #define HAVE_STRING_H 1
| #define HAVE_MEMORY_H 1
| #define HAVE_STRINGS_H 1
| #define HAVE_INTTYPES_H 1
| #define HAVE_STDINT_H 1
| #define HAVE_UNISTD_H 1
| #define SIZEOF_SHORT 2
| #define SIZEOF_INT 4
| #define SIZEOF_LONG 8
| #define U16 unsigned short
| #define U32 unsigned
| #define U64 unsigned long
| #define HAVE_DIRENT_H 1
| #define HAVE_SYS_SELECT_H 1
| /* end confdefs.h.  */
| #include <sys/stdtypes.h>
configure:6227: result: no
configure:6255: checking for sys/stdtypes.h
configure:6262: result: no
configure:6275: checking whether we have the POSIX compatible scandir() prototype
configure:6315: g++ -c   conftest.cpp >&5
configure:6321: $? = 0
configure:6343: result: yes
configure:6353: checking for scandir
configure:6409: gcc -o conftest    conftest.c  >&5
configure:6415: $? = 0
configure:6432: result: yes
configure:6449: checking for string.h
configure:6454: result: yes
configure:6582: checking for strings.h
configure:6587: result: yes
configure:6715: checking for snprintf
configure:6771: gcc -o conftest    conftest.c  >&5
conftest.c:53: warning: conflicting types for built-in function 'snprintf'
configure:6777: $? = 0
configure:6794: result: yes
configure:6835: checking for vsnprintf
configure:6891: gcc -o conftest    conftest.c  >&5
conftest.c:54: warning: conflicting types for built-in function 'vsnprintf'
configure:6897: $? = 0
configure:6914: result: yes
configure:6955: checking for strcasecmp
configure:7011: gcc -o conftest    conftest.c  >&5
conftest.c:55: warning: conflicting types for built-in function 'strcasecmp'
configure:7017: $? = 0
configure:7034: result: yes
configure:7055: checking for strdup
configure:7111: gcc -o conftest    conftest.c  >&5
conftest.c:56: warning: conflicting types for built-in function 'strdup'
configure:7117: $? = 0
configure:7134: result: yes
configure:7143: checking for strncasecmp
configure:7199: gcc -o conftest    conftest.c  >&5
conftest.c:57: warning: conflicting types for built-in function 'strncasecmp'
configure:7205: $? = 0
configure:7222: result: yes
configure:7243: checking for strlcat
configure:7299: gcc -o conftest    conftest.c  >&5
/tmp/cccl4cdt.o: In function `main':
conftest.c:(.text+0xa): undefined reference to `strlcat'
collect2: ld returned 1 exit status
configure:7305: $? = 1
configure: failed program was:
| /* confdefs.h.  */
| #define PACKAGE_NAME ""
| #define PACKAGE_TARNAME ""
| #define PACKAGE_VERSION ""
| #define PACKAGE_STRING ""
| #define PACKAGE_BUGREPORT ""
| #define STDC_HEADERS 1
| #define HAVE_SYS_TYPES_H 1
| #define HAVE_SYS_STAT_H 1
| #define HAVE_STDLIB_H 1
| #define HAVE_STRING_H 1
| #define HAVE_MEMORY_H 1
| #define HAVE_STRINGS_H 1
| #define HAVE_INTTYPES_H 1
| #define HAVE_STDINT_H 1
| #define HAVE_UNISTD_H 1
| #define SIZEOF_SHORT 2
| #define SIZEOF_INT 4
| #define SIZEOF_LONG 8
| #define U16 unsigned short
| #define U32 unsigned
| #define U64 unsigned long
| #define HAVE_DIRENT_H 1
| #define HAVE_SYS_SELECT_H 1
| #define HAVE_SCANDIR_POSIX 1
| #define HAVE_SCANDIR 1
| #define HAVE_STRING_H 1
| #define HAVE_STRINGS_H 1
| #define HAVE_SNPRINTF 1
| #define HAVE_VSNPRINTF 1
| #define HAVE_STRCASECMP 1
| #define HAVE_STRDUP 1
| #define HAVE_STRNCASECMP 1
| /* end confdefs.h.  */
| /* Define strlcat to an innocuous variant, in case <limits.h> declares strlcat.
|    For example, HP-UX 11i <limits.h> declares gettimeofday.  */
| #define strlcat innocuous_strlcat
| 
| /* System header to define __stub macros and hopefully few prototypes,
|     which can conflict with char strlcat (); below.
|     Prefer <limits.h> to <assert.h> if __STDC__ is defined, since
|     <limits.h> exists even on freestanding compilers.  */
| 
| #ifdef __STDC__
| # include <limits.h>
| #else
| # include <assert.h>
| #endif
| 
| #undef strlcat
| 
| /* Override any GCC internal prototype to avoid an error.
|    Use char because int might match the return type of a GCC
|    builtin and then its argument prototype would still apply.  */
| #ifdef __cplusplus
| extern "C"
| #endif
| char strlcat ();
| /* The GNU C library defines this for functions which it implements
|     to always fail with ENOSYS.  Some functions are actually named
|     something starting with __ and the normal name is an alias.  */
| #if defined __stub_strlcat || defined __stub___strlcat
| choke me
| #endif
| 
| int
| main ()
| {
| return strlcat ();
|   ;
|   return 0;
| }
configure:7322: result: no
configure:7331: checking for strlcpy
configure:7387: gcc -o conftest    conftest.c  >&5
/tmp/ccD61bVw.o: In function `main':
conftest.c:(.text+0xa): undefined reference to `strlcpy'
collect2: ld returned 1 exit status
configure:7393: $? = 1
configure: failed program was:
| /* confdefs.h.  */
| #define PACKAGE_NAME ""
| #define PACKAGE_TARNAME ""
| #define PACKAGE_VERSION ""
| #define PACKAGE_STRING ""
| #define PACKAGE_BUGREPORT ""
| #define STDC_HEADERS 1
| #define HAVE_SYS_TYPES_H 1
| #define HAVE_SYS_STAT_H 1
| #define HAVE_STDLIB_H 1
| #define HAVE_STRING_H 1
| #define HAVE_MEMORY_H 1
| #define HAVE_STRINGS_H 1
| #define HAVE_INTTYPES_H 1
| #define HAVE_STDINT_H 1
| #define HAVE_UNISTD_H 1
| #define SIZEOF_SHORT 2
| #define SIZEOF_INT 4
| #define SIZEOF_LONG 8
| #define U16 unsigned short
| #define U32 unsigned
| #define U64 unsigned long
| #define HAVE_DIRENT_H 1
| #define HAVE_SYS_SELECT_H 1
| #define HAVE_SCANDIR_POSIX 1
| #define HAVE_SCANDIR 1
| #define HAVE_STRING_H 1
| #define HAVE_STRINGS_H 1
| #define HAVE_SNPRINTF 1
| #define HAVE_VSNPRINTF 1
| #define HAVE_STRCASECMP 1
| #define HAVE_STRDUP 1
| #define HAVE_STRNCASECMP 1
| /* end confdefs.h.  */
| /* Define strlcpy to an innocuous variant, in case <limits.h> declares strlcpy.
|    For example, HP-UX 11i <limits.h> declares gettimeofday.  */
| #define strlcpy innocuous_strlcpy
| 
| /* System header to define __stub macros and hopefully few prototypes,
|     which can conflict with char strlcpy (); below.
|     Prefer <limits.h> to <assert.h> if __STDC__ is defined, since
|     <limits.h> exists even on freestanding compilers.  */
| 
| #ifdef __STDC__
| # include <limits.h>
| #else
| # include <assert.h>
| #endif
| 
| #undef strlcpy
| 
| /* Override any GCC internal prototype to avoid an error.
|    Use char because int might match the return type of a GCC
|    builtin and then its argument prototype would still apply.  */
| #ifdef __cplusplus
| extern "C"
| #endif
| char strlcpy ();
| /* The GNU C library defines this for functions which it implements
|     to always fail with ENOSYS.  Some functions are actually named
|     something starting with __ and the normal name is an alias.  */
| #if defined __stub_strlcpy || defined __stub___strlcpy
| choke me
| #endif
| 
| int
| main ()
| {
| return strlcpy ();
|   ;
|   return 0;
| }
configure:7410: result: no
configure:7420: checking for library containing pow
configure:7461: gcc -o conftest    conftest.c  >&5
conftest.c:42: warning: conflicting types for built-in function 'pow'
/tmp/ccWrs3NF.o: In function `main':
conftest.c:(.text+0xa): undefined reference to `pow'
collect2: ld returned 1 exit status
configure:7467: $? = 1
configure: failed program was:
| /* confdefs.h.  */
| #define PACKAGE_NAME ""
| #define PACKAGE_TARNAME ""
| #define PACKAGE_VERSION ""
| #define PACKAGE_STRING ""
| #define PACKAGE_BUGREPORT ""
| #define STDC_HEADERS 1
| #define HAVE_SYS_TYPES_H 1
| #define HAVE_SYS_STAT_H 1
| #define HAVE_STDLIB_H 1
| #define HAVE_STRING_H 1
| #define HAVE_MEMORY_H 1
| #define HAVE_STRINGS_H 1
| #define HAVE_INTTYPES_H 1
| #define HAVE_STDINT_H 1
| #define HAVE_UNISTD_H 1
| #define SIZEOF_SHORT 2
| #define SIZEOF_INT 4
| #define SIZEOF_LONG 8
| #define U16 unsigned short
| #define U32 unsigned
| #define U64 unsigned long
| #define HAVE_DIRENT_H 1
| #define HAVE_SYS_SELECT_H 1
| #define HAVE_SCANDIR_POSIX 1
| #define HAVE_SCANDIR 1
| #define HAVE_STRING_H 1
| #define HAVE_STRINGS_H 1
| #define HAVE_SNPRINTF 1
| #define HAVE_VSNPRINTF 1
| #define HAVE_STRCASECMP 1
| #define HAVE_STRDUP 1
| #define HAVE_STRNCASECMP 1
| /* end confdefs.h.  */
| 
| /* Override any GCC internal prototype to avoid an error.
|    Use char because int might match the return type of a GCC
|    builtin and then its argument prototype would still apply.  */
| #ifdef __cplusplus
| extern "C"
| #endif
| char pow ();
| int
| main ()
| {
| return pow ();
|   ;
|   return 0;
| }
configure:7461: gcc -o conftest    conftest.c -lm   >&5
conftest.c:42: warning: conflicting types for built-in function 'pow'
configure:7467: $? = 0
configure:7495: result: -lm
configure:7524: checking jpeglib.h usability
configure:7541: gcc -c   conftest.c >&5
configure:7547: $? = 0
configure:7561: result: yes
configure:7565: checking jpeglib.h presence
configure:7580: gcc -E  conftest.c
configure:7586: $? = 0
configure:7600: result: yes
configure:7628: checking for jpeglib.h
configure:7635: result: yes
configure:7641: checking for jpeg_destroy_decompress in -ljpeg
configure:7676: gcc -o conftest    conftest.c -ljpeg  -lm  >&5
configure:7682: $? = 0
configure:7700: result: yes
configure:7749: checking zlib.h usability
configure:7766: gcc -c   conftest.c >&5
configure:7772: $? = 0
configure:7786: result: yes
configure:7790: checking zlib.h presence
configure:7805: gcc -E  conftest.c
configure:7811: $? = 0
configure:7825: result: yes
configure:7853: checking for zlib.h
configure:7860: result: yes
configure:7866: checking for gzopen in -lz
configure:7901: gcc -o conftest    conftest.c -lz  -lm  >&5
configure:7907: $? = 0
configure:7925: result: yes
configure:7973: checking png.h usability
configure:7990: gcc -c   conftest.c >&5
configure:7996: $? = 0
configure:8010: result: yes
configure:8014: checking png.h presence
configure:8029: gcc -E  conftest.c
configure:8035: $? = 0
configure:8049: result: yes
configure:8077: checking for png.h
configure:8084: result: yes
configure:8106: checking libpng/png.h usability
configure:8123: gcc -c   conftest.c >&5
configure:8129: $? = 0
configure:8143: result: yes
configure:8147: checking libpng/png.h presence
configure:8162: gcc -E  conftest.c
configure:8168: $? = 0
configure:8182: result: yes
configure:8210: checking for libpng/png.h
configure:8217: result: yes
configure:8230: checking for png_read_rows in -lpng
configure:8265: gcc -o conftest    conftest.c -lpng  -lm  -lz >&5
configure:8271: $? = 0
configure:8289: result: yes
configure:8305: checking for png_get_valid
configure:8361: gcc -o conftest    conftest.c -lpng -lm  -lz >&5
configure:8367: $? = 0
configure:8385: result: yes
configure:8305: checking for png_set_tRNS_to_alpha
configure:8361: gcc -o conftest    conftest.c -lpng -lm  -lz >&5
configure:8367: $? = 0
configure:8385: result: yes
configure:8436: checking pthread.h usability
configure:8453: gcc -c   conftest.c >&5
configure:8459: $? = 0
configure:8473: result: yes
configure:8477: checking pthread.h presence
configure:8492: gcc -E  conftest.c
configure:8498: $? = 0
configure:8512: result: yes
configure:8540: checking for pthread.h
configure:8547: result: yes
configure:8560: checking for pthread_create in -lpthread
configure:8595: gcc -o conftest    conftest.c -lpthread  -lm  >&5
configure:8601: $? = 0
configure:8619: result: yes
configure:9049: checking for X
configure:9164: gcc -E  conftest.c
configure:9170: $? = 0
configure:9219: gcc -o conftest    conftest.c -lX11 -lpthread -lm  >&5
configure:9225: $? = 0
configure:9284: result: libraries , headers 
configure:9445: gcc -o conftest    conftest.c -lpthread -lm   -lX11 >&5
configure:9451: $? = 0
configure:9608: checking for gethostbyname
configure:9664: gcc -o conftest    conftest.c -lpthread -lm  >&5
configure:9670: $? = 0
configure:9687: result: yes
configure:9832: checking for connect
configure:9888: gcc -o conftest    conftest.c -lpthread -lm  >&5
configure:9894: $? = 0
configure:9911: result: yes
configure:9983: checking for remove
configure:10039: gcc -o conftest    conftest.c -lpthread -lm  >&5
configure:10045: $? = 0
configure:10062: result: yes
configure:10134: checking for shmat
configure:10190: gcc -o conftest    conftest.c -lpthread -lm  >&5
configure:10196: $? = 0
configure:10213: result: yes
configure:10294: checking for IceConnectionNumber in -lICE
configure:10329: gcc -o conftest    conftest.c -lICE  -lpthread -lm  >&5
configure:10335: $? = 0
configure:10353: result: yes
configure:10371: WARNING: Ignoring libraries " -lSM -lICE" requested by configure.
configure:10387: checking for library containing dlopen
configure:10428: gcc -o conftest     conftest.c -lpthread -lm  -lXext  >&5
configure:10434: $? = 0
configure:10462: result: none required
configure:10480: checking GL/gl.h usability
configure:10497: gcc -c   conftest.c >&5
configure:10503: $? = 0
configure:10517: result: yes
configure:10521: checking GL/gl.h presence
configure:10536: gcc -E  conftest.c
configure:10542: $? = 0
configure:10556: result: yes
configure:10584: checking for GL/gl.h
configure:10591: result: yes
configure:10597: checking for glXMakeCurrent in -lGL
configure:10632: gcc -o conftest     conftest.c -lGL -lm -lpthread -lm  -lXext  >&5
configure:10638: $? = 0
configure:10656: result: yes
configure:10752: checking GL/glu.h usability
configure:10769: gcc -c   conftest.c >&5
configure:10775: $? = 0
configure:10789: result: yes
configure:10793: checking GL/glu.h presence
configure:10808: gcc -E  conftest.c
configure:10814: $? = 0
configure:10828: result: yes
configure:10856: checking for GL/glu.h
configure:10863: result: yes
configure:10930: checking for freetype-config
configure:10948: found /usr/bin/freetype-config
configure:10960: result: /usr/bin/freetype-config
configure:10982: checking X11/Xft/Xft.h usability
configure:10999: gcc -c  -I/usr/include/freetype2  conftest.c >&5
configure:11005: $? = 0
configure:11019: result: yes
configure:11023: checking X11/Xft/Xft.h presence
configure:11038: gcc -E -I/usr/include/freetype2  -I/usr/include/freetype2 conftest.c
configure:11044: $? = 0
configure:11058: result: yes
configure:11086: checking for X11/Xft/Xft.h
configure:11093: result: yes
configure:11098: checking for XftDrawCreate in -lXft
configure:11133: gcc -o conftest  -I/usr/include/freetype2    conftest.c -lXft  -lpthread -lm  -lXext  >&5
configure:11139: $? = 0
configure:11157: result: yes
configure:11184: checking X11/Xcursor/XcursorSSS.h usability
configure:11201: gcc -c  -I/usr/include/freetype2  conftest.c >&5
conftest.c:81:36: error: X11/Xcursor/XcursorSSS.h: No such file or directory
configure:11207: $? = 1
configure: failed program was:
| /* confdefs.h.  */
| #define PACKAGE_NAME ""
| #define PACKAGE_TARNAME ""
| #define PACKAGE_VERSION ""
| #define PACKAGE_STRING ""
| #define PACKAGE_BUGREPORT ""
| #define STDC_HEADERS 1
| #define HAVE_SYS_TYPES_H 1
| #define HAVE_SYS_STAT_H 1
| #define HAVE_STDLIB_H 1
| #define HAVE_STRING_H 1
| #define HAVE_MEMORY_H 1
| #define HAVE_STRINGS_H 1
| #define HAVE_INTTYPES_H 1
| #define HAVE_STDINT_H 1
| #define HAVE_UNISTD_H 1
| #define SIZEOF_SHORT 2
| #define SIZEOF_INT 4
| #define SIZEOF_LONG 8
| #define U16 unsigned short
| #define U32 unsigned
| #define U64 unsigned long
| #define HAVE_DIRENT_H 1
| #define HAVE_SYS_SELECT_H 1
| #define HAVE_SCANDIR_POSIX 1
| #define HAVE_SCANDIR 1
| #define HAVE_STRING_H 1
| #define HAVE_STRINGS_H 1
| #define HAVE_SNPRINTF 1
| #define HAVE_VSNPRINTF 1
| #define HAVE_STRCASECMP 1
| #define HAVE_STRDUP 1
| #define HAVE_STRNCASECMP 1
| #define HAVE_LIBJPEG 1
| #define HAVE_LIBZ 1
| #define HAVE_PNG_H 1
| #define HAVE_LIBPNG_PNG_H 1
| #define HAVE_LIBPNG 1
| #define HAVE_PNG_GET_VALID 1
| #define HAVE_PNG_SET_TRNS_TO_ALPHA 1
| #define HAVE_PTHREAD_H 1
| #define HAVE_LIBPTHREAD 1
| #define HAVE_PTHREAD 1
| #define HAVE_GL 1
| #define HAVE_GL_GLU_H 1
| #define USE_XFT 1
| /* end confdefs.h.  */
| #include <stdio.h>
| #ifdef HAVE_SYS_TYPES_H
| # include <sys/types.h>
| #endif
| #ifdef HAVE_SYS_STAT_H
| # include <sys/stat.h>
| #endif
| #ifdef STDC_HEADERS
| # include <stdlib.h>
| # include <stddef.h>
| #else
| # ifdef HAVE_STDLIB_H
| #  include <stdlib.h>
| # endif
| #endif
| #ifdef HAVE_STRING_H
| # if !defined STDC_HEADERS && defined HAVE_MEMORY_H
| #  include <memory.h>
| # endif
| # include <string.h>
| #endif
| #ifdef HAVE_STRINGS_H
| # include <strings.h>
| #endif
| #ifdef HAVE_INTTYPES_H
| # include <inttypes.h>
| #endif
| #ifdef HAVE_STDINT_H
| # include <stdint.h>
| #endif
| #ifdef HAVE_UNISTD_H
| # include <unistd.h>
| #endif
| #include <X11/Xcursor/XcursorSSS.h>
configure:11221: result: no
configure:11225: checking X11/Xcursor/XcursorSSS.h presence
configure:11240: gcc -E -I/usr/include/freetype2  -I/usr/include/freetype2 conftest.c
conftest.c:48:36: error: X11/Xcursor/XcursorSSS.h: No such file or directory
configure:11246: $? = 1
configure: failed program was:
| /* confdefs.h.  */
| #define PACKAGE_NAME ""
| #define PACKAGE_TARNAME ""
| #define PACKAGE_VERSION ""
| #define PACKAGE_STRING ""
| #define PACKAGE_BUGREPORT ""
| #define STDC_HEADERS 1
| #define HAVE_SYS_TYPES_H 1
| #define HAVE_SYS_STAT_H 1
| #define HAVE_STDLIB_H 1
| #define HAVE_STRING_H 1
| #define HAVE_MEMORY_H 1
| #define HAVE_STRINGS_H 1
| #define HAVE_INTTYPES_H 1
| #define HAVE_STDINT_H 1
| #define HAVE_UNISTD_H 1
| #define SIZEOF_SHORT 2
| #define SIZEOF_INT 4
| #define SIZEOF_LONG 8
| #define U16 unsigned short
| #define U32 unsigned
| #define U64 unsigned long
| #define HAVE_DIRENT_H 1
| #define HAVE_SYS_SELECT_H 1
| #define HAVE_SCANDIR_POSIX 1
| #define HAVE_SCANDIR 1
| #define HAVE_STRING_H 1
| #define HAVE_STRINGS_H 1
| #define HAVE_SNPRINTF 1
| #define HAVE_VSNPRINTF 1
| #define HAVE_STRCASECMP 1
| #define HAVE_STRDUP 1
| #define HAVE_STRNCASECMP 1
| #define HAVE_LIBJPEG 1
| #define HAVE_LIBZ 1
| #define HAVE_PNG_H 1
| #define HAVE_LIBPNG_PNG_H 1
| #define HAVE_LIBPNG 1
| #define HAVE_PNG_GET_VALID 1
| #define HAVE_PNG_SET_TRNS_TO_ALPHA 1
| #define HAVE_PTHREAD_H 1
| #define HAVE_LIBPTHREAD 1
| #define HAVE_PTHREAD 1
| #define HAVE_GL 1
| #define HAVE_GL_GLU_H 1
| #define USE_XFT 1
| /* end confdefs.h.  */
| #include <X11/Xcursor/XcursorSSS.h>
configure:11260: result: no
configure:11288: checking for X11/Xcursor/XcursorSSS.h
configure:11295: result: no
configure:11442: checking for X11/extensions/Xdbe.h
configure:11463: gcc -c  -I/usr/include/freetype2  conftest.c >&5
configure:11469: $? = 0
configure:11484: result: yes
configure:11502: checking for X11/extensions/Xinerama.h
configure:11523: gcc -c  -I/usr/include/freetype2  conftest.c >&5
configure:11529: $? = 0
configure:11544: result: yes
configure:11559: checking for X overlay visuals
configure:11570: result: no
configure:11581: checking for Xutf8LookupString in -lX11
configure:11616: gcc -o conftest  -I/usr/include/freetype2    conftest.c -lX11  -lXi -lXinerama -lXft -lpthread -lm  -lXext  >&5
configure:11622: $? = 0
configure:11640: result: yes
configure:12032: checking if libsupc++ is required
configure:12050: result: yes
configure:12511: creating ./config.status

## ---------------------- ##
## Running config.status. ##
## ---------------------- ##

This file was extended by config.status, which was
generated by GNU Autoconf 2.61.  Invocation command line was

  CONFIG_FILES    = 
  CONFIG_HEADERS  = 
  CONFIG_LINKS    = 
  CONFIG_COMMANDS = 
  $ ./config.status 

on hth-desktop

config.status:647: creating makeinclude
config.status:778: WARNING:  makeinclude.in seems to ignore the --datarootdir setting
config.status:647: creating fltk.list
config.status:778: WARNING:  fltk.list.in seems to ignore the --datarootdir setting
config.status:647: creating fltk2-config
config.status:647: creating config.h

## ---------------- ##
## Cache variables. ##
## ---------------- ##

ac_cv_c_bigendian=no
ac_cv_c_compiler_gnu=yes
ac_cv_cxx_bool=yes
ac_cv_cxx_compiler_gnu=yes
ac_cv_cxx_scandir_posix=yes
ac_cv_env_CCC_set=
ac_cv_env_CCC_value=
ac_cv_env_CC_set=
ac_cv_env_CC_value=
ac_cv_env_CFLAGS_set=
ac_cv_env_CFLAGS_value=
ac_cv_env_CPPFLAGS_set=
ac_cv_env_CPPFLAGS_value=
ac_cv_env_CPP_set=
ac_cv_env_CPP_value=
ac_cv_env_CXXFLAGS_set=
ac_cv_env_CXXFLAGS_value=
ac_cv_env_CXX_set=
ac_cv_env_CXX_value=
ac_cv_env_LDFLAGS_set=
ac_cv_env_LDFLAGS_value=
ac_cv_env_LIBS_set=
ac_cv_env_LIBS_value=
ac_cv_env_XMKMF_set=
ac_cv_env_XMKMF_value=
ac_cv_env_build_alias_set=
ac_cv_env_build_alias_value=
ac_cv_env_host_alias_set=
ac_cv_env_host_alias_value=
ac_cv_env_target_alias_set=
ac_cv_env_target_alias_value=
ac_cv_func_connect=yes
ac_cv_func_gethostbyname=yes
ac_cv_func_png_get_valid=yes
ac_cv_func_png_set_tRNS_to_alpha=yes
ac_cv_func_remove=yes
ac_cv_func_scandir=yes
ac_cv_func_shmat=yes
ac_cv_func_snprintf=yes
ac_cv_func_strcasecmp=yes
ac_cv_func_strdup=yes
ac_cv_func_strlcat=no
ac_cv_func_strlcpy=no
ac_cv_func_strncasecmp=yes
ac_cv_func_vsnprintf=yes
ac_cv_have_overlay=no
ac_cv_have_x='have_x=yes	ac_x_includes='\'''\''	ac_x_libraries='\'''\'''
ac_cv_header_GL_gl_h=yes
ac_cv_header_GL_glu_h=yes
ac_cv_header_X11_Xcursor_XcursorSSS_h=no
ac_cv_header_X11_Xft_Xft_h=yes
ac_cv_header_X11_extensions_Xdbe_h=yes
ac_cv_header_X11_extensions_Xinerama_h=yes
ac_cv_header_dirent_dirent_h=yes
ac_cv_header_inttypes_h=yes
ac_cv_header_jpeglib_h=yes
ac_cv_header_libpng_png_h=yes
ac_cv_header_memory_h=yes
ac_cv_header_png_h=yes
ac_cv_header_pthread_h=yes
ac_cv_header_stdc=yes
ac_cv_header_stdint_h=yes
ac_cv_header_stdlib_h=yes
ac_cv_header_string_h=yes
ac_cv_header_strings_h=yes
ac_cv_header_sys_select_h=yes
ac_cv_header_sys_stat_h=yes
ac_cv_header_sys_stdtypes_h=no
ac_cv_header_sys_types_h=yes
ac_cv_header_unistd_h=yes
ac_cv_header_zlib_h=yes
ac_cv_lib_GL_glXMakeCurrent=yes
ac_cv_lib_ICE_IceConnectionNumber=yes
ac_cv_lib_X11_Xutf8LookupString=yes
ac_cv_lib_Xft_XftDrawCreate=yes
ac_cv_lib_jpeg_jpeg_destroy_decompress=yes
ac_cv_lib_png_png_read_rows=yes
ac_cv_lib_pthread_pthread_create=yes
ac_cv_lib_z_gzopen=yes
ac_cv_objext=o
ac_cv_path_AR=/usr/bin/ar
ac_cv_path_EGREP='/bin/grep -E'
ac_cv_path_FTCONFIG=/usr/bin/freetype-config
ac_cv_path_GREP=/bin/grep
ac_cv_path_NROFF=/usr/bin/nroff
ac_cv_prog_CPP='gcc -E'
ac_cv_prog_ac_ct_CC=gcc
ac_cv_prog_ac_ct_CXX=g++
ac_cv_prog_ac_ct_RANLIB=ranlib
ac_cv_prog_cc_c89=
ac_cv_prog_cc_g=yes
ac_cv_prog_cxx_g=yes
ac_cv_search_dlopen='none required'
ac_cv_search_opendir='none required'
ac_cv_search_pow=-lm
ac_cv_sizeof_int=4
ac_cv_sizeof_long=8
ac_cv_sizeof_short=2
ac_cv_type_int=yes
ac_cv_type_long=yes
ac_cv_type_short=yes

## ----------------- ##
## Output variables. ##
## ----------------- ##

AR='/usr/bin/ar'
BUILDTARGETS='programs'
CAT1EXT='1'
CAT3EXT='3'
CC='gcc'
CFLAGS=''
CPP='gcc -E'
CPPFLAGS='-I/usr/include/freetype2 '
CXX='gcc'
CXXFLAGS='-I/usr/include/freetype2  -Wno-non-virtual-dtor'
DEFS='-DHAVE_CONFIG_H'
DSOCOMMAND='echo'
DSOLINK=''
DSOPREFIX=''
DSOSUFFIX=''
DSOSYMLINK=''
DSOTARGET=''
ECHO_C=''
ECHO_N='-n'
ECHO_T=''
EGREP='/bin/grep -E'
EXEEXT=''
FLUID='fluid2'
FL_API_VERSION='2.0'
FL_MAJOR_VERSION='2'
FL_MINOR_VERSION='0'
FL_PATCH_VERSION='0'
FL_RELEASE_VERSION='a0'
FTCONFIG='/usr/bin/freetype-config'
GLDEMOS='gldemos'
GLLIB='-lGLU -lGL'
GREP='/bin/grep'
GROFF=''
HLINKS=''
HTMLDOC=''
IMAGELIBS='-lpng -lfltk2_images -ljpeg -lz'
INSTALLTARGETS='install_programs'
LDFLAGS=' '
LIBCOMMAND='/usr/bin/ar cr'
LIBOBJS=''
LIBPREFIX='lib'
LIBS='-lX11 -lXi -lXinerama -lXft -lpthread -lm  -lXext  -lsupc++'
LIBSUFFIX='.a'
LIBTARGET='static'
LINKFLTK='-lfltk2'
LINKFLTKGL='-lfltk2_gl'
LINKFLTKIMG='-lfltk2_images'
LINKSHARED='-L../lib -lfltk2_images -lfltk2'
LOCAL_IMAGELIBS=''
LOCAL_IMAGETARGETS=''
LTLIBOBJS=''
MAKEDEPEND='$(CXX) -MM -DMAKEDEPEND'
NROFF='/usr/bin/nroff'
OBJEXT='o'
OPTIM=' -O2 -Wall -Wunused '
PACKAGE_BUGREPORT=''
PACKAGE_NAME=''
PACKAGE_STRING=''
PACKAGE_TARNAME=''
PACKAGE_VERSION=''
PATH_SEPARATOR=':'
POSTBUILD=':'
RANLIB='ranlib'
SHAREDSUFFIX=''
SHELL='/bin/bash'
THEMECOMMAND='${CXX} -shared  -o'
THREADS='threads'
XMKMF=''
X_CFLAGS=''
X_EXTRA_LIBS=''
X_LIBS=''
X_PRE_LIBS=' -lSM -lICE'
ZLIBINC=''
ac_ct_CC='gcc'
ac_ct_CXX='g++'
bindir='${exec_prefix}/bin'
build_alias=''
datadir='${datarootdir}'
datarootdir='${prefix}/share'
docdir='${datarootdir}/doc/${PACKAGE}'
dvidir='${docdir}'
exec_prefix='${prefix}'
host_alias=''
htmldir='${docdir}'
includedir='${prefix}/include'
infodir='${datarootdir}/info'
libdir='${exec_prefix}/lib'
libexecdir='${exec_prefix}/libexec'
localedir='${datarootdir}/locale'
localstatedir='${prefix}/var'
mandir='${datarootdir}/man'
oldincludedir='/usr/include'
pdfdir='${docdir}'
prefix='/usr/local'
program_transform_name='s,x,x,'
psdir='${docdir}'
sbindir='${exec_prefix}/sbin'
sharedstatedir='${prefix}/com'
sysconfdir='${prefix}/etc'
target_alias=''

## ----------- ##
## confdefs.h. ##
## ----------- ##

#define PACKAGE_NAME ""
#define PACKAGE_TARNAME ""
#define PACKAGE_VERSION ""
#define PACKAGE_STRING ""
#define PACKAGE_BUGREPORT ""
#define STDC_HEADERS 1
#define HAVE_SYS_TYPES_H 1
#define HAVE_SYS_STAT_H 1
#define HAVE_STDLIB_H 1
#define HAVE_STRING_H 1
#define HAVE_MEMORY_H 1
#define HAVE_STRINGS_H 1
#define HAVE_INTTYPES_H 1
#define HAVE_STDINT_H 1
#define HAVE_UNISTD_H 1
#define SIZEOF_SHORT 2
#define SIZEOF_INT 4
#define SIZEOF_LONG 8
#define U16 unsigned short
#define U32 unsigned
#define U64 unsigned long
#define HAVE_DIRENT_H 1
#define HAVE_SYS_SELECT_H 1
#define HAVE_SCANDIR_POSIX 1
#define HAVE_SCANDIR 1
#define HAVE_STRING_H 1
#define HAVE_STRINGS_H 1
#define HAVE_SNPRINTF 1
#define HAVE_VSNPRINTF 1
#define HAVE_STRCASECMP 1
#define HAVE_STRDUP 1
#define HAVE_STRNCASECMP 1
#define HAVE_LIBJPEG 1
#define HAVE_LIBZ 1
#define HAVE_PNG_H 1
#define HAVE_LIBPNG_PNG_H 1
#define HAVE_LIBPNG 1
#define HAVE_PNG_GET_VALID 1
#define HAVE_PNG_SET_TRNS_TO_ALPHA 1
#define HAVE_PTHREAD_H 1
#define HAVE_LIBPTHREAD 1
#define HAVE_PTHREAD 1
#define HAVE_GL 1
#define HAVE_GL_GLU_H 1
#define USE_XFT 1
#define HAVE_XDBE 1
#define USE_XINERAMA 1
#define HAVE_LIBX11 1
#define HAVE_EXCEPTIONS 1
#define HAVE_RTTI 1
#define FLTK_DOCDIR "/usr/local/share/doc/fltk"
#define FLTK_DATADIR "/usr/local/share/fltk"

configure: exit 0
